[2024-10-18 09:20:21] [info] Start Program:
Path:"D:\\LABY\\BSUIR\\PPOIS\\2laba_PPOIS\\x64\\Debug\\tests_for_2_lab"
Arguments:
Working directory: not set.
Modules: Selected: D:\LABY\BSUIR\PPOIS\2laba_PPOIS\x64\Debug\tests_for_2_lab Excluded: 
Sources: Selected: D:\LABY\BSUIR\PPOIS\2laba_PPOIS Excluded: D:\LABY\BSUIR\PPOIS\2laba_PPOIS\packages\ D:\LABY\BSUIR\PPOIS\2laba_PPOIS\RegistrationMenu.h 
Log Level: Normal
Cover Children: 0
Aggregate by file: 1
Continue after C++ exception: 0
Optimized build support: 0
Export: html 
Input coverage: 
Unified diff: 
Excluded line regular expressions: 
Substitute pdb source paths: 
[2024-10-18 09:20:21] [info] Module: D:\LABY\BSUIR\PPOIS\2laba_PPOIS\x64\Debug\tests_for_2_lab.exe is selected because it matches selected pattern: D:\LABY\BSUIR\PPOIS\2laba_PPOIS\x64\Debug\tests_for_2_lab
[2024-10-18 09:20:21] [info] ----------------------------------------------------
[2024-10-18 09:20:21] [info] Coverage generated in Folder D:\LABY\BSUIR\PPOIS\2laba_PPOIS\CoverageReport-2024-10-18-09h20m21s
[2024-10-18 09:20:21] [info] ----------------------------------------------------
[2024-10-18 09:20:21] [info] The code coverage report is not what you expect? See the FAQ https://github.com/OpenCppCoverage/OpenCppCoverage/wiki/FAQ.
